c:\users\zawc\desktop\unity\dx3d11_maptool\output\debug\ccorelib.pdb
c:\users\zawc\desktop\unity\dx3d11_maptool\output\debug\ccorelib.idb
c:\users\zawc\desktop\unity\dx3d11_maptool\output\debug\ccorelib\cobject.obj
c:\users\zawc\desktop\unity\dx3d11_maptool\output\debug\ccorelib\mymath.obj
c:\users\zawc\desktop\unity\dx3d11_maptool\output\debug\ccorelib\imgui_widgets.obj
c:\users\zawc\desktop\unity\dx3d11_maptool\output\debug\ccorelib\imgui_tables.obj
c:\users\zawc\desktop\unity\dx3d11_maptool\output\debug\ccorelib\imgui_impl_win32.obj
c:\users\zawc\desktop\unity\dx3d11_maptool\output\debug\ccorelib\imgui_impl_dx11.obj
c:\users\zawc\desktop\unity\dx3d11_maptool\output\debug\ccorelib\imgui_draw.obj
c:\users\zawc\desktop\unity\dx3d11_maptool\output\debug\ccorelib\imgui_demo.obj
c:\users\zawc\desktop\unity\dx3d11_maptool\output\debug\ccorelib\imguizmo.obj
c:\users\zawc\desktop\unity\dx3d11_maptool\output\debug\ccorelib\imguimanager.obj
c:\users\zawc\desktop\unity\dx3d11_maptool\output\debug\ccorelib\imguifiledialog.obj
c:\users\zawc\desktop\unity\dx3d11_maptool\output\debug\ccorelib\imgui.obj
c:\users\zawc\desktop\unity\dx3d11_maptool\output\debug\ccorelib\cinput.obj
c:\users\zawc\desktop\unity\dx3d11_maptool\output\debug\ccorelib\cfrustum.obj
c:\users\zawc\desktop\unity\dx3d11_maptool\output\debug\ccorelib\cdxobject.obj
c:\users\zawc\desktop\unity\dx3d11_maptool\output\debug\ccorelib\cdevice.obj
c:\users\zawc\desktop\unity\dx3d11_maptool\output\debug\ccorelib\cdebugcamera.obj
c:\users\zawc\desktop\unity\dx3d11_maptool\output\debug\ccorelib\ccore.obj
c:\users\zawc\desktop\unity\dx3d11_maptool\output\debug\ccorelib\ccollision.obj
c:\users\zawc\desktop\unity\dx3d11_maptool\output\debug\ccorelib\ccamera.obj
c:\users\zawc\desktop\unity\dx3d11_maptool\output\debug\ccorelib\tmath.obj
c:\users\zawc\desktop\unity\dx3d11_maptool\output\debug\ccorelib\rendertarget.obj
c:\users\zawc\desktop\unity\dx3d11_maptool\output\debug\ccorelib\cwriter.obj
c:\users\zawc\desktop\unity\dx3d11_maptool\output\debug\ccorelib\cwindow.obj
c:\users\zawc\desktop\unity\dx3d11_maptool\output\debug\ccorelib\cutiliy.obj
c:\users\zawc\desktop\unity\dx3d11_maptool\output\debug\ccorelib\ctimer.obj
c:\users\zawc\desktop\unity\dx3d11_maptool\output\debug\ccorelib\ctexturemgr.obj
c:\users\zawc\desktop\unity\dx3d11_maptool\output\debug\ccorelib\csoundmgr.obj
c:\users\zawc\desktop\unity\dx3d11_maptool\output\debug\ccorelib\cshadermgr.obj
c:\users\zawc\desktop\unity\dx3d11_maptool\output\debug\ccorelib\coreinterface.obj
c:\users\zawc\desktop\unity\dx3d11_maptool\output\debug\ccorelib.lib
c:\users\zawc\desktop\unity\dx3d11_maptool\output\debug\ccorelib\ccorelib.tlog\cl.command.1.tlog
c:\users\zawc\desktop\unity\dx3d11_maptool\output\debug\ccorelib\ccorelib.tlog\cl.read.1.tlog
c:\users\zawc\desktop\unity\dx3d11_maptool\output\debug\ccorelib\ccorelib.tlog\cl.write.1.tlog
c:\users\zawc\desktop\unity\dx3d11_maptool\output\debug\ccorelib\ccorelib.tlog\lib-link.read.1.tlog
c:\users\zawc\desktop\unity\dx3d11_maptool\output\debug\ccorelib\ccorelib.tlog\lib-link.write.1.tlog
c:\users\zawc\desktop\unity\dx3d11_maptool\output\debug\ccorelib\ccorelib.tlog\lib.command.1.tlog
