c:\users\kgca42_09\documents\github\chb-projectsreal\output\release\maptool\vc143.pdb
c:\users\kgca42_09\documents\github\chb-projectsreal\output\release\maptool\skybox.obj
c:\users\kgca42_09\documents\github\chb-projectsreal\output\release\maptool\select.obj
c:\users\kgca42_09\documents\github\chb-projectsreal\output\release\maptool\scenemanager.obj
c:\users\kgca42_09\documents\github\chb-projectsreal\output\release\maptool\scene.obj
c:\users\kgca42_09\documents\github\chb-projectsreal\output\release\maptool\saveloader.obj
c:\users\kgca42_09\documents\github\chb-projectsreal\output\release\maptool\sample.obj
c:\users\kgca42_09\documents\github\chb-projectsreal\output\release\maptool\redoundo.obj
c:\users\kgca42_09\documents\github\chb-projectsreal\output\release\maptool\projectionshadow.obj
c:\users\kgca42_09\documents\github\chb-projectsreal\output\release\maptool\normalmap.obj
c:\users\kgca42_09\documents\github\chb-projectsreal\output\release\maptool\mapobject.obj
c:\users\kgca42_09\documents\github\chb-projectsreal\output\release\maptool\maplod.obj
c:\users\kgca42_09\documents\github\chb-projectsreal\output\release\maptool\cquadtree.obj
c:\users\kgca42_09\documents\github\chb-projectsreal\output\release\maptool\cnode.obj
c:\users\kgca42_09\documents\github\chb-projectsreal\output\release\maptool\cmodelmgr.obj
c:\users\kgca42_09\documents\github\chb-projectsreal\output\release\maptool\cmap.obj
c:\users\kgca42_09\documents\github\chb-projectsreal\output\release\maptool\cheightmap.obj
c:\users\kgca42_09\documents\github\chb-projectsreal\output\release\maptool\myfbximport.obj
c:\users\kgca42_09\documents\github\chb-projectsreal\output\release\maptool\maptoolscene.obj
c:\users\kgca42_09\documents\github\chb-projectsreal\output\release\maptool\instanceobject.obj
c:\users\kgca42_09\documents\github\chb-projectsreal\output\release\maptool\cfbxexporter.obj
c:\users\kgca42_09\documents\github\chb-projectsreal\output\release\maptool\watermap.obj
c:\users\kgca42_09\documents\github\chb-projectsreal\output\release\maptool\maptool.tlog\cl.command.1.tlog
c:\users\kgca42_09\documents\github\chb-projectsreal\output\release\maptool\maptool.tlog\cl.read.1.tlog
c:\users\kgca42_09\documents\github\chb-projectsreal\output\release\maptool\maptool.tlog\cl.write.1.tlog
c:\users\kgca42_09\documents\github\chb-projectsreal\output\release\maptool\maptool.tlog\link.command.1.tlog
c:\users\kgca42_09\documents\github\chb-projectsreal\output\release\maptool\maptool.tlog\link.read.1.tlog
c:\users\kgca42_09\documents\github\chb-projectsreal\output\release\maptool\maptool.tlog\link.write.1.tlog
