  CFbxExporter.cpp
  InstanceObject.cpp
C:\Users\zawc\Desktop\Unity\DX3D11_MapTool\Project\MapTool\InstanceObject.cpp(1,1): warning C4819: 현재 코드 페이지(949)에서 표시할 수 없는 문자가 파일에 들어 있습니다. 데이터가 손실되지 않게 하려면 해당 파일을 유니코드 형식으로 저장하십시오.
C:\Users\zawc\Desktop\Unity\DX3D11_MapTool\Project\MapTool\InstanceObject.cpp(81,129): warning C4267: '인수': 'size_t'에서 'UINT'(으)로 변환하면서 데이터가 손실될 수 있습니다.
C:\Users\zawc\Desktop\Unity\DX3D11_MapTool\Project\MapTool\InstanceObject.cpp(81,99): warning C4267: '인수': 'size_t'에서 'UINT'(으)로 변환하면서 데이터가 손실될 수 있습니다.
C:\Users\zawc\Desktop\Unity\DX3D11_MapTool\Project\MapTool\InstanceObject.cpp(95,69): warning C4267: '=': 'size_t'에서 'UINT'(으)로 변환하면서 데이터가 손실될 수 있습니다.
  MapToolScene.cpp
C:\Users\zawc\Desktop\Unity\DX3D11_MapTool\Project\MapTool\MapToolScene.cpp(83,35): warning C4244: '인수': 'double'에서 'float'(으)로 변환하면서 데이터가 손실될 수 있습니다.
C:\Users\zawc\Desktop\Unity\DX3D11_MapTool\Project\MapTool\MapToolScene.cpp(173,47): warning C4311: '형식 캐스트': 'CFbxObj *'에서 'UINT'(으)로 포인터가 잘립니다.
C:\Users\zawc\Desktop\Unity\DX3D11_MapTool\Project\MapTool\MapToolScene.cpp(173,47): warning C4302: '형식 캐스트': 'CFbxObj *'에서 'UINT'(으)로 잘립니다.
C:\Users\zawc\Desktop\Unity\DX3D11_MapTool\Project\MapTool\MapToolScene.cpp(184,41): warning C4311: '형식 캐스트': 'CFbxObj *'에서 'UINT'(으)로 포인터가 잘립니다.
C:\Users\zawc\Desktop\Unity\DX3D11_MapTool\Project\MapTool\MapToolScene.cpp(184,41): warning C4302: '형식 캐스트': 'CFbxObj *'에서 'UINT'(으)로 잘립니다.
C:\Users\zawc\Desktop\Unity\DX3D11_MapTool\Project\MapTool\MapToolScene.cpp(256,35): warning C4244: '인수': 'double'에서 'float'(으)로 변환하면서 데이터가 손실될 수 있습니다.
C:\Users\zawc\Desktop\Unity\DX3D11_MapTool\Project\MapTool\MapToolScene.cpp(501,28): warning C4244: '인수': 'float'에서 'int'(으)로 변환하면서 데이터가 손실될 수 있습니다.
C:\Users\zawc\Desktop\Unity\DX3D11_MapTool\Project\MapTool\MapToolScene.cpp(562,48): warning C4838: 'UINT'에서 'int'(으)로의 변환에는 축소 변환이 필요합니다.
C:\Users\zawc\Desktop\Unity\DX3D11_MapTool\Project\MapTool\MapToolScene.cpp(562,76): warning C4838: 'UINT'에서 'int'(으)로의 변환에는 축소 변환이 필요합니다.
C:\Users\zawc\Desktop\Unity\DX3D11_MapTool\Project\MapTool\MapToolScene.cpp(588,11): warning C4267: '초기화 중': 'size_t'에서 'int'(으)로 변환하면서 데이터가 손실될 수 있습니다.
C:\Users\zawc\Desktop\Unity\DX3D11_MapTool\Project\MapTool\MapToolScene.cpp(589,11): warning C4267: '초기화 중': 'size_t'에서 'int'(으)로 변환하면서 데이터가 손실될 수 있습니다.
C:\Users\zawc\Desktop\Unity\DX3D11_MapTool\Project\MapTool\MapToolScene.cpp(591,22): warning C4018: '<': signed 또는 unsigned가 일치하지 않습니다.
C:\Users\zawc\Desktop\Unity\DX3D11_MapTool\Project\MapTool\MapToolScene.cpp(593,23): warning C4018: '<': signed 또는 unsigned가 일치하지 않습니다.
C:\Users\zawc\Desktop\Unity\DX3D11_MapTool\Project\MapTool\MapToolScene.cpp(604,34): warning C4267: '초기화 중': 'size_t'에서 'UINT'(으)로 변환하면서 데이터가 손실될 수 있습니다.
C:\Users\zawc\Desktop\Unity\DX3D11_MapTool\Project\MapTool\MapToolScene.cpp(604,23): warning C4267: '초기화 중': 'size_t'에서 'const UINT'(으)로 변환하면서 데이터가 손실될 수 있습니다.
C:\Users\zawc\Desktop\Unity\DX3D11_MapTool\Project\MapTool\MapToolScene.cpp(645,42): warning C4311: '형식 캐스트': 'CFbxObj *'에서 'UINT'(으)로 포인터가 잘립니다.
C:\Users\zawc\Desktop\Unity\DX3D11_MapTool\Project\MapTool\MapToolScene.cpp(645,42): warning C4302: '형식 캐스트': 'CFbxObj *'에서 'UINT'(으)로 잘립니다.
C:\Users\zawc\Desktop\Unity\DX3D11_MapTool\Project\MapTool\MapToolScene.cpp(1091,75): warning C4267: '인수': 'size_t'에서 'UINT'(으)로 변환하면서 데이터가 손실될 수 있습니다.
  MyFbxImport.cpp
C:\Users\zawc\Desktop\Unity\DX3D11_MapTool\Project\MapTool\MyFbxImport.cpp(45,19): warning C4267: '초기화 중': 'size_t'에서 'UINT'(으)로 변환하면서 데이터가 손실될 수 있습니다.
C:\Users\zawc\Desktop\Unity\DX3D11_MapTool\Project\MapTool\MyFbxImport.cpp(49,27): warning C4018: '<': signed 또는 unsigned가 일치하지 않습니다.
C:\Users\zawc\Desktop\Unity\DX3D11_MapTool\Project\MapTool\MyFbxImport.cpp(53,62): warning C4267: '=': 'size_t'에서 'UINT'(으)로 변환하면서 데이터가 손실될 수 있습니다.
C:\Users\zawc\Desktop\Unity\DX3D11_MapTool\Project\MapTool\MyFbxImport.cpp(55,35): warning C4018: '<': signed 또는 unsigned가 일치하지 않습니다.
C:\Users\zawc\Desktop\Unity\DX3D11_MapTool\Project\MapTool\MyFbxImport.cpp(57,28): warning C4267: '초기화 중': 'size_t'에서 'UINT'(으)로 변환하면서 데이터가 손실될 수 있습니다.
C:\Users\zawc\Desktop\Unity\DX3D11_MapTool\Project\MapTool\MyFbxImport.cpp(59,41): warning C4018: '<': signed 또는 unsigned가 일치하지 않습니다.
C:\Users\zawc\Desktop\Unity\DX3D11_MapTool\Project\MapTool\MyFbxImport.cpp(65,68): warning C4267: '=': 'size_t'에서 'UINT'(으)로 변환하면서 데이터가 손실될 수 있습니다.
C:\Users\zawc\Desktop\Unity\DX3D11_MapTool\Project\MapTool\MyFbxImport.cpp(67,35): warning C4018: '<': signed 또는 unsigned가 일치하지 않습니다.
C:\Users\zawc\Desktop\Unity\DX3D11_MapTool\Project\MapTool\MyFbxImport.cpp(73,60): warning C4267: '=': 'size_t'에서 'UINT'(으)로 변환하면서 데이터가 손실될 수 있습니다.
C:\Users\zawc\Desktop\Unity\DX3D11_MapTool\Project\MapTool\MyFbxImport.cpp(75,35): warning C4018: '<': signed 또는 unsigned가 일치하지 않습니다.
C:\Users\zawc\Desktop\Unity\DX3D11_MapTool\Project\MapTool\MyFbxImport.cpp(80,67): warning C4267: '=': 'size_t'에서 'UINT'(으)로 변환하면서 데이터가 손실될 수 있습니다.
C:\Users\zawc\Desktop\Unity\DX3D11_MapTool\Project\MapTool\MyFbxImport.cpp(82,35): warning C4018: '<': signed 또는 unsigned가 일치하지 않습니다.
C:\Users\zawc\Desktop\Unity\DX3D11_MapTool\Project\MapTool\MyFbxImport.cpp(117,28): warning C4018: '<': signed 또는 unsigned가 일치하지 않습니다.
C:\Users\zawc\Desktop\Unity\DX3D11_MapTool\Project\MapTool\MyFbxImport.cpp(126,36): warning C4018: '<': signed 또는 unsigned가 일치하지 않습니다.
C:\Users\zawc\Desktop\Unity\DX3D11_MapTool\Project\MapTool\MyFbxImport.cpp(131,42): warning C4018: '<': signed 또는 unsigned가 일치하지 않습니다.
C:\Users\zawc\Desktop\Unity\DX3D11_MapTool\Project\MapTool\MyFbxImport.cpp(139,36): warning C4018: '<': signed 또는 unsigned가 일치하지 않습니다.
C:\Users\zawc\Desktop\Unity\DX3D11_MapTool\Project\MapTool\MyFbxImport.cpp(148,36): warning C4018: '<': signed 또는 unsigned가 일치하지 않습니다.
C:\Users\zawc\Desktop\Unity\DX3D11_MapTool\Project\MapTool\MyFbxImport.cpp(155,36): warning C4018: '<': signed 또는 unsigned가 일치하지 않습니다.
C:\Users\zawc\Desktop\Unity\DX3D11_MapTool\Project\MapTool\MyFbxImport.cpp(202,33): warning C4018: '<': signed 또는 unsigned가 일치하지 않습니다.
C:\Users\zawc\Desktop\Unity\DX3D11_MapTool\Project\MapTool\MyFbxImport.cpp(230,33): warning C4018: '<': signed 또는 unsigned가 일치하지 않습니다.
C:\Users\zawc\Desktop\Unity\DX3D11_MapTool\Project\MapTool\MyFbxImport.cpp(322,31): warning C4018: '<': signed 또는 unsigned가 일치하지 않습니다.
C:\Users\zawc\Desktop\Unity\DX3D11_MapTool\Project\MapTool\MyFbxImport.cpp(337,43): warning C4018: '<': signed 또는 unsigned가 일치하지 않습니다.
C:\Users\zawc\Desktop\Unity\DX3D11_MapTool\Project\MapTool\MyFbxImport.cpp(348,49): warning C4838: 'int'에서 'UINT'(으)로의 변환에는 축소 변환이 필요합니다.
C:\Users\zawc\Desktop\Unity\DX3D11_MapTool\Project\MapTool\MyFbxImport.cpp(348,65): warning C4838: 'int'에서 'UINT'(으)로의 변환에는 축소 변환이 필요합니다.
C:\Users\zawc\Desktop\Unity\DX3D11_MapTool\Project\MapTool\MyFbxImport.cpp(357,46): warning C4244: '=': 'T'에서 'float'(으)로 변환하면서 데이터가 손실될 수 있습니다.
C:\Users\zawc\Desktop\Unity\DX3D11_MapTool\Project\MapTool\MyFbxImport.cpp(357,46): warning C4244:         with
C:\Users\zawc\Desktop\Unity\DX3D11_MapTool\Project\MapTool\MyFbxImport.cpp(357,46): warning C4244:         [
C:\Users\zawc\Desktop\Unity\DX3D11_MapTool\Project\MapTool\MyFbxImport.cpp(357,46): warning C4244:             T=fbxsdk::FbxDouble
C:\Users\zawc\Desktop\Unity\DX3D11_MapTool\Project\MapTool\MyFbxImport.cpp(357,46): warning C4244:         ]
C:\Users\zawc\Desktop\Unity\DX3D11_MapTool\Project\MapTool\MyFbxImport.cpp(358,46): warning C4244: '=': 'T'에서 'float'(으)로 변환하면서 데이터가 손실될 수 있습니다.
C:\Users\zawc\Desktop\Unity\DX3D11_MapTool\Project\MapTool\MyFbxImport.cpp(358,46): warning C4244:         with
C:\Users\zawc\Desktop\Unity\DX3D11_MapTool\Project\MapTool\MyFbxImport.cpp(358,46): warning C4244:         [
C:\Users\zawc\Desktop\Unity\DX3D11_MapTool\Project\MapTool\MyFbxImport.cpp(358,46): warning C4244:             T=fbxsdk::FbxDouble
C:\Users\zawc\Desktop\Unity\DX3D11_MapTool\Project\MapTool\MyFbxImport.cpp(358,46): warning C4244:         ]
C:\Users\zawc\Desktop\Unity\DX3D11_MapTool\Project\MapTool\MyFbxImport.cpp(359,46): warning C4244: '=': 'T'에서 'float'(으)로 변환하면서 데이터가 손실될 수 있습니다.
C:\Users\zawc\Desktop\Unity\DX3D11_MapTool\Project\MapTool\MyFbxImport.cpp(359,46): warning C4244:         with
C:\Users\zawc\Desktop\Unity\DX3D11_MapTool\Project\MapTool\MyFbxImport.cpp(359,46): warning C4244:         [
C:\Users\zawc\Desktop\Unity\DX3D11_MapTool\Project\MapTool\MyFbxImport.cpp(359,46): warning C4244:             T=fbxsdk::FbxDouble
C:\Users\zawc\Desktop\Unity\DX3D11_MapTool\Project\MapTool\MyFbxImport.cpp(359,46): warning C4244:         ]
C:\Users\zawc\Desktop\Unity\DX3D11_MapTool\Project\MapTool\MyFbxImport.cpp(370,53): warning C4244: '=': 'T'에서 'float'(으)로 변환하면서 데이터가 손실될 수 있습니다.
C:\Users\zawc\Desktop\Unity\DX3D11_MapTool\Project\MapTool\MyFbxImport.cpp(370,53): warning C4244:         with
C:\Users\zawc\Desktop\Unity\DX3D11_MapTool\Project\MapTool\MyFbxImport.cpp(370,53): warning C4244:         [
C:\Users\zawc\Desktop\Unity\DX3D11_MapTool\Project\MapTool\MyFbxImport.cpp(370,53): warning C4244:             T=fbxsdk::FbxDouble
C:\Users\zawc\Desktop\Unity\DX3D11_MapTool\Project\MapTool\MyFbxImport.cpp(370,53): warning C4244:         ]
C:\Users\zawc\Desktop\Unity\DX3D11_MapTool\Project\MapTool\MyFbxImport.cpp(371,53): warning C4244: '=': 'T'에서 'float'(으)로 변환하면서 데이터가 손실될 수 있습니다.
C:\Users\zawc\Desktop\Unity\DX3D11_MapTool\Project\MapTool\MyFbxImport.cpp(371,53): warning C4244:         with
C:\Users\zawc\Desktop\Unity\DX3D11_MapTool\Project\MapTool\MyFbxImport.cpp(371,53): warning C4244:         [
C:\Users\zawc\Desktop\Unity\DX3D11_MapTool\Project\MapTool\MyFbxImport.cpp(371,53): warning C4244:             T=fbxsdk::FbxDouble
C:\Users\zawc\Desktop\Unity\DX3D11_MapTool\Project\MapTool\MyFbxImport.cpp(371,53): warning C4244:         ]
C:\Users\zawc\Desktop\Unity\DX3D11_MapTool\Project\MapTool\MyFbxImport.cpp(372,53): warning C4244: '=': 'T'에서 'float'(으)로 변환하면서 데이터가 손실될 수 있습니다.
C:\Users\zawc\Desktop\Unity\DX3D11_MapTool\Project\MapTool\MyFbxImport.cpp(372,53): warning C4244:         with
C:\Users\zawc\Desktop\Unity\DX3D11_MapTool\Project\MapTool\MyFbxImport.cpp(372,53): warning C4244:         [
C:\Users\zawc\Desktop\Unity\DX3D11_MapTool\Project\MapTool\MyFbxImport.cpp(372,53): warning C4244:             T=fbxsdk::FbxDouble
C:\Users\zawc\Desktop\Unity\DX3D11_MapTool\Project\MapTool\MyFbxImport.cpp(372,53): warning C4244:         ]
C:\Users\zawc\Desktop\Unity\DX3D11_MapTool\Project\MapTool\MyFbxImport.cpp(381,37): warning C4244: '=': 'double'에서 'float'(으)로 변환하면서 데이터가 손실될 수 있습니다.
C:\Users\zawc\Desktop\Unity\DX3D11_MapTool\Project\MapTool\MyFbxImport.cpp(382,37): warning C4244: '=': 'double'에서 'float'(으)로 변환하면서 데이터가 손실될 수 있습니다.
C:\Users\zawc\Desktop\Unity\DX3D11_MapTool\Project\MapTool\MyFbxImport.cpp(383,37): warning C4244: '=': 'double'에서 'float'(으)로 변환하면서 데이터가 손실될 수 있습니다.
C:\Users\zawc\Desktop\Unity\DX3D11_MapTool\Project\MapTool\MyFbxImport.cpp(611,19): warning C4244: '인수': 'float'에서 'fbxsdk::FbxLongLong'(으)로 변환하면서 데이터가 손실될 수 있습니다.
C:\Users\zawc\Desktop\Unity\DX3D11_MapTool\Project\MapTool\MyFbxImport.cpp(627,35): warning C4244: '=': 'double'에서 'float'(으)로 변환하면서 데이터가 손실될 수 있습니다.
C:\Users\zawc\Desktop\Unity\DX3D11_MapTool\Project\MapTool\MyFbxImport.cpp(659,41): warning C4244: '=': 'fbxsdk::FbxLongLong'에서 'UINT'(으)로 변환하면서 데이터가 손실될 수 있습니다.
C:\Users\zawc\Desktop\Unity\DX3D11_MapTool\Project\MapTool\MyFbxImport.cpp(660,39): warning C4244: '=': 'fbxsdk::FbxLongLong'에서 'UINT'(으)로 변환하면서 데이터가 손실될 수 있습니다.
C:\Users\zawc\Desktop\Unity\DX3D11_MapTool\Project\MapTool\MyFbxImport.cpp(667,20): warning C4244: '초기화 중': 'fbxsdk::FbxLongLong'에서 'int'(으)로 변환하면서 데이터가 손실될 수 있습니다.
C:\Users\zawc\Desktop\Unity\DX3D11_MapTool\Project\MapTool\MyFbxImport.cpp(697,35): warning C4244: '=': 'double'에서 'float'(으)로 변환하면서 데이터가 손실될 수 있습니다.
  CHeightMap.cpp
C:\Users\zawc\Desktop\Unity\DX3D11_MapTool\Project\MapTool\CHeightMap.cpp(46,33): warning C4267: '=': 'size_t'에서 'UINT'(으)로 변환하면서 데이터가 손실될 수 있습니다.
C:\Users\zawc\Desktop\Unity\DX3D11_MapTool\Project\MapTool\CHeightMap.cpp(82,32): warning C4267: '인수': 'size_t'에서 'int'(으)로 변환하면서 데이터가 손실될 수 있습니다.
C:\Users\zawc\Desktop\Unity\DX3D11_MapTool\Project\MapTool\CHeightMap.cpp(84,33): warning C4267: '인수': 'size_t'에서 'int'(으)로 변환하면서 데이터가 손실될 수 있습니다.
C:\Users\zawc\Desktop\Unity\DX3D11_MapTool\Project\MapTool\CHeightMap.cpp(87,33): warning C4267: '인수': 'size_t'에서 'int'(으)로 변환하면서 데이터가 손실될 수 있습니다.
C:\Users\zawc\Desktop\Unity\DX3D11_MapTool\Project\MapTool\CHeightMap.cpp(89,34): warning C4267: '인수': 'size_t'에서 'int'(으)로 변환하면서 데이터가 손실될 수 있습니다.
C:\Users\zawc\Desktop\Unity\DX3D11_MapTool\Project\MapTool\CHeightMap.cpp(98,18): warning C4267: '초기화 중': 'size_t'에서 'UINT'(으)로 변환하면서 데이터가 손실될 수 있습니다.
C:\Users\zawc\Desktop\Unity\DX3D11_MapTool\Project\MapTool\CHeightMap.cpp(103,58): warning C4244: '=': 'double'에서 '_Ty'(으)로 변환하면서 데이터가 손실될 수 있습니다.
C:\Users\zawc\Desktop\Unity\DX3D11_MapTool\Project\MapTool\CHeightMap.cpp(103,58): warning C4244:         with
C:\Users\zawc\Desktop\Unity\DX3D11_MapTool\Project\MapTool\CHeightMap.cpp(103,58): warning C4244:         [
C:\Users\zawc\Desktop\Unity\DX3D11_MapTool\Project\MapTool\CHeightMap.cpp(103,58): warning C4244:             _Ty=float
C:\Users\zawc\Desktop\Unity\DX3D11_MapTool\Project\MapTool\CHeightMap.cpp(103,58): warning C4244:         ]
C:\Users\zawc\Desktop\Unity\DX3D11_MapTool\Project\MapTool\CHeightMap.cpp(108,17): warning C4267: '=': 'size_t'에서 'int'(으)로 변환하면서 데이터가 손실될 수 있습니다.
C:\Users\zawc\Desktop\Unity\DX3D11_MapTool\Project\MapTool\CHeightMap.cpp(109,17): warning C4267: '=': 'size_t'에서 'int'(으)로 변환하면서 데이터가 손실될 수 있습니다.
C:\Users\zawc\Desktop\Unity\DX3D11_MapTool\Project\MapTool\CHeightMap.cpp(130,26): warning C4018: '<': signed 또는 unsigned가 일치하지 않습니다.
C:\Users\zawc\Desktop\Unity\DX3D11_MapTool\Project\MapTool\CHeightMap.cpp(132,27): warning C4018: '<': signed 또는 unsigned가 일치하지 않습니다.
  CMap.cpp
C:\Users\zawc\Desktop\Unity\DX3D11_MapTool\Project\MapTool\CMap.cpp(498,36): warning C4267: '=': 'size_t'에서 'UINT'(으)로 변환하면서 데이터가 손실될 수 있습니다.
  CModelMgr.cpp
  CNode.cpp
C:\Users\zawc\Desktop\Unity\DX3D11_MapTool\Project\MapTool\CNode.cpp(15,36): warning C4267: '=': 'size_t'에서 'UINT'(으)로 변환하면서 데이터가 손실될 수 있습니다.
C:\Users\zawc\Desktop\Unity\DX3D11_MapTool\Project\MapTool\CNode.cpp(33,42): warning C4267: '=': 'size_t'에서 'UINT'(으)로 변환하면서 데이터가 손실될 수 있습니다.
  CQuadTree.cpp
C:\Users\zawc\Desktop\Unity\DX3D11_MapTool\Project\MapTool\CQuadTree.cpp(16,27): warning C4244: '초기화 중': 'float'에서 'DWORD'(으)로 변환하면서 데이터가 손실될 수 있습니다.
C:\Users\zawc\Desktop\Unity\DX3D11_MapTool\Project\MapTool\CQuadTree.cpp(94,72): warning C4244: '+=': 'double'에서 'float'(으)로 변환하면서 데이터가 손실될 수 있습니다.
C:\Users\zawc\Desktop\Unity\DX3D11_MapTool\Project\MapTool\CQuadTree.cpp(122,73): warning C4244: '-=': 'double'에서 'float'(으)로 변환하면서 데이터가 손실될 수 있습니다.
C:\Users\zawc\Desktop\Unity\DX3D11_MapTool\Project\MapTool\CQuadTree.cpp(223,76): warning C4244: '+=': 'double'에서 'BYTE'(으)로 변환하면서 데이터가 손실될 수 있습니다.
C:\Users\zawc\Desktop\Unity\DX3D11_MapTool\Project\MapTool\CQuadTree.cpp(412,40): warning C4018: '<': signed 또는 unsigned가 일치하지 않습니다.
C:\Users\zawc\Desktop\Unity\DX3D11_MapTool\Project\MapTool\CQuadTree.cpp(414,44): warning C4018: '<': signed 또는 unsigned가 일치하지 않습니다.
C:\Users\zawc\Desktop\Unity\DX3D11_MapTool\Project\MapTool\CQuadTree.cpp(481,14): warning C4244: '초기화 중': 'float'에서 'int'(으)로 변환하면서 데이터가 손실될 수 있습니다.
C:\Users\zawc\Desktop\Unity\DX3D11_MapTool\Project\MapTool\CQuadTree.cpp(505,32): warning C4018: '<': signed 또는 unsigned가 일치하지 않습니다.
C:\Users\zawc\Desktop\Unity\DX3D11_MapTool\Project\MapTool\CQuadTree.cpp(862,127): warning C4267: '인수': 'size_t'에서 'UINT'(으)로 변환하면서 데이터가 손실될 수 있습니다.
C:\Users\zawc\Desktop\Unity\DX3D11_MapTool\Project\MapTool\CQuadTree.cpp(938,33): warning C4018: '<=': signed 또는 unsigned가 일치하지 않습니다.
C:\Users\zawc\Desktop\Unity\DX3D11_MapTool\Project\MapTool\CQuadTree.cpp(956,22): warning C4018: '<': signed 또는 unsigned가 일치하지 않습니다.
C:\Users\zawc\Desktop\Unity\DX3D11_MapTool\Project\MapTool\CQuadTree.cpp(956,57): warning C4018: '<': signed 또는 unsigned가 일치하지 않습니다.
  MapLOD.cpp
C:\Users\zawc\Desktop\Unity\DX3D11_MapTool\Project\MapTool\MapLOD.cpp(10,40): warning C4267: '=': 'size_t'에서 'UINT'(으)로 변환하면서 데이터가 손실될 수 있습니다.
C:\Users\zawc\Desktop\Unity\DX3D11_MapTool\Project\MapTool\MapLOD.cpp(69,34): warning C4244: '=': 'float'에서 'DWORD'(으)로 변환하면서 데이터가 손실될 수 있습니다.
C:\Users\zawc\Desktop\Unity\DX3D11_MapTool\Project\MapTool\MapLOD.cpp(104,27): warning C4244: '초기화 중': 'float'에서 'DWORD'(으)로 변환하면서 데이터가 손실될 수 있습니다.
C:\Users\zawc\Desktop\Unity\DX3D11_MapTool\Project\MapTool\MapLOD.cpp(164,39): warning C4244: '인수': 'double'에서 'const unsigned __int64'(으)로 변환하면서 데이터가 손실될 수 있습니다.
C:\Users\zawc\Desktop\Unity\DX3D11_MapTool\Project\MapTool\MapLOD.cpp(196,37): warning C4018: '<': signed 또는 unsigned가 일치하지 않습니다.
C:\Users\zawc\Desktop\Unity\DX3D11_MapTool\Project\MapTool\MapLOD.cpp(198,24): warning C4244: '초기화 중': 'float'에서 'DWORD'(으)로 변환하면서 데이터가 손실될 수 있습니다.
C:\Users\zawc\Desktop\Unity\DX3D11_MapTool\Project\MapTool\MapLOD.cpp(211,41): warning C4018: '<': signed 또는 unsigned가 일치하지 않습니다.
C:\Users\zawc\Desktop\Unity\DX3D11_MapTool\Project\MapTool\MapLOD.cpp(213,45): warning C4018: '<': signed 또는 unsigned가 일치하지 않습니다.
  MapObject.cpp
C:\Users\zawc\Desktop\Unity\DX3D11_MapTool\Project\MapTool\MapObject.cpp(4,49): warning C4244: '+=': 'double'에서 'float'(으)로 변환하면서 데이터가 손실될 수 있습니다.
C:\Users\zawc\Desktop\Unity\DX3D11_MapTool\Project\MapTool\MapObject.cpp(7,34): warning C4244: '=': 'UINT'에서 'float'(으)로 변환하면서 데이터가 손실될 수 있습니다.
C:\Users\zawc\Desktop\Unity\DX3D11_MapTool\Project\MapTool\MapObject.cpp(125,84): warning C4267: '인수': 'size_t'에서 'UINT'(으)로 변환하면서 데이터가 손실될 수 있습니다.
C:\Users\zawc\Desktop\Unity\DX3D11_MapTool\Project\MapTool\MapObject.cpp(146,29): warning C4267: '초기화 중': 'size_t'에서 'UINT'(으)로 변환하면서 데이터가 손실될 수 있습니다.
C:\Users\zawc\Desktop\Unity\DX3D11_MapTool\Project\MapTool\MapObject.cpp(151,29): warning C4018: '<': signed 또는 unsigned가 일치하지 않습니다.
C:\Users\zawc\Desktop\Unity\DX3D11_MapTool\Project\MapTool\MapObject.cpp(161,58): warning C4267: '+=': 'size_t'에서 'UINT'(으)로 변환하면서 데이터가 손실될 수 있습니다.
C:\Users\zawc\Desktop\Unity\DX3D11_MapTool\Project\MapTool\MapObject.cpp(208,33): warning C4267: '=': 'size_t'에서 'UINT'(으)로 변환하면서 데이터가 손실될 수 있습니다.
C:\Users\zawc\Desktop\Unity\DX3D11_MapTool\Project\MapTool\MapObject.cpp(304,36): warning C4267: '=': 'size_t'에서 'UINT'(으)로 변환하면서 데이터가 손실될 수 있습니다.
C:\Users\zawc\Desktop\Unity\DX3D11_MapTool\Project\MapTool\MapObject.cpp(415,15): warning C4312: '형식 캐스트': 'HRESULT'에서 더 큰 'LPCSTR'(으)로의 변환입니다.
  NormalMap.cpp
  ProJectionShadow.cpp
C:\Users\zawc\Desktop\Unity\DX3D11_MapTool\Project\MapTool\ProJectionShadow.cpp(28,34): warning C4244: '인수': 'double'에서 'float'(으)로 변환하면서 데이터가 손실될 수 있습니다.
C:\Users\zawc\Desktop\Unity\DX3D11_MapTool\Project\MapTool\ProJectionShadow.cpp(135,89): warning C4267: '인수': 'size_t'에서 'UINT'(으)로 변환하면서 데이터가 손실될 수 있습니다.
  RedoUndo.cpp
C:\Users\zawc\Desktop\Unity\DX3D11_MapTool\Project\MapTool\RedoUndo.cpp(1,1): warning C4819: 현재 코드 페이지(949)에서 표시할 수 없는 문자가 파일에 들어 있습니다. 데이터가 손실되지 않게 하려면 해당 파일을 유니코드 형식으로 저장하십시오.
C:\Users\zawc\Desktop\Unity\DX3D11_MapTool\Project\MapTool\RedoUndo.cpp(153,44): warning C4390: ';': 제어된 빈 문이 있습니다. 이 문이 필요합니까?
C:\Users\zawc\Desktop\Unity\DX3D11_MapTool\Project\MapTool\RedoUndo.cpp(155,38): warning C4390: ';': 제어된 빈 문이 있습니다. 이 문이 필요합니까?
C:\Users\zawc\Desktop\Unity\DX3D11_MapTool\Project\MapTool\RedoUndo.cpp(222,44): warning C4390: ';': 제어된 빈 문이 있습니다. 이 문이 필요합니까?
C:\Users\zawc\Desktop\Unity\DX3D11_MapTool\Project\MapTool\RedoUndo.cpp(224,38): warning C4390: ';': 제어된 빈 문이 있습니다. 이 문이 필요합니까?
  Sample.cpp
C:\Users\zawc\Desktop\Unity\DX3D11_MapTool\Project\MapTool\Sample.cpp(47,1): warning C4244: '인수': 'float'에서 'DWORD'(으)로 변환하면서 데이터가 손실될 수 있습니다.
  SaveLoader.cpp
  Scene.cpp
  SceneManager.cpp
  Select.cpp
  SkyBox.cpp
  컴파일하고 있습니다...
  WaterMap.cpp
C:\Users\zawc\Desktop\Unity\DX3D11_MapTool\Project\MapTool\WaterMap.cpp(78,14): warning C4244: '=': 'double'에서 'float'(으)로 변환하면서 데이터가 손실될 수 있습니다.
LINK : fatal error LNK1104: 'libfbxsdk-md.lib' 파일을 열 수 없습니다.
