c:\users\kgca42_09\documents\github\chb-projectsreal\ccorelibrelease\ccorelib.pdb
c:\users\kgca42_09\documents\github\chb-projectsreal\ccorelibrelease\lib\rendertarget.obj
c:\users\kgca42_09\documents\github\chb-projectsreal\ccorelibrelease\lib\imguimanager.obj
c:\users\kgca42_09\documents\github\chb-projectsreal\ccorelibrelease\lib\coreinterface.obj
c:\users\kgca42_09\documents\github\chb-projectsreal\ccorelibrelease\lib\cwriter.obj
c:\users\kgca42_09\documents\github\chb-projectsreal\ccorelibrelease\lib\cwindow.obj
c:\users\kgca42_09\documents\github\chb-projectsreal\ccorelibrelease\lib\ctimer.obj
c:\users\kgca42_09\documents\github\chb-projectsreal\ccorelibrelease\lib\ctexturemgr.obj
c:\users\kgca42_09\documents\github\chb-projectsreal\ccorelibrelease\lib\csoundmgr.obj
c:\users\kgca42_09\documents\github\chb-projectsreal\ccorelibrelease\lib\cshadermgr.obj
c:\users\kgca42_09\documents\github\chb-projectsreal\ccorelibrelease\lib\cobject.obj
c:\users\kgca42_09\documents\github\chb-projectsreal\ccorelibrelease\lib\cinput.obj
c:\users\kgca42_09\documents\github\chb-projectsreal\ccorelibrelease\lib\cfrustum.obj
c:\users\kgca42_09\documents\github\chb-projectsreal\ccorelibrelease\lib\cdxobject.obj
c:\users\kgca42_09\documents\github\chb-projectsreal\ccorelibrelease\lib\cdevice.obj
c:\users\kgca42_09\documents\github\chb-projectsreal\ccorelibrelease\lib\cdebugcamera.obj
c:\users\kgca42_09\documents\github\chb-projectsreal\ccorelibrelease\lib\ccore.obj
c:\users\kgca42_09\documents\github\chb-projectsreal\ccorelibrelease\lib\ccamera.obj
c:\users\kgca42_09\documents\github\chb-projectsreal\ccorelibrelease\lib\mymath.obj
c:\users\kgca42_09\documents\github\chb-projectsreal\ccorelibrelease\lib\imgui_widgets.obj
c:\users\kgca42_09\documents\github\chb-projectsreal\ccorelibrelease\lib\imgui_tables.obj
c:\users\kgca42_09\documents\github\chb-projectsreal\ccorelibrelease\lib\imgui_impl_win32.obj
c:\users\kgca42_09\documents\github\chb-projectsreal\ccorelibrelease\lib\imgui_impl_dx11.obj
c:\users\kgca42_09\documents\github\chb-projectsreal\ccorelibrelease\lib\imgui_draw.obj
c:\users\kgca42_09\documents\github\chb-projectsreal\ccorelibrelease\lib\imgui_demo.obj
c:\users\kgca42_09\documents\github\chb-projectsreal\ccorelibrelease\lib\imguizmo.obj
c:\users\kgca42_09\documents\github\chb-projectsreal\ccorelibrelease\lib\imguifiledialog.obj
c:\users\kgca42_09\documents\github\chb-projectsreal\ccorelibrelease\lib\imgui.obj
c:\users\kgca42_09\documents\github\chb-projectsreal\ccorelibrelease\lib\ccollision.obj
c:\users\kgca42_09\documents\github\chb-projectsreal\ccorelibrelease\lib\tmath.obj
c:\users\kgca42_09\documents\github\chb-projectsreal\ccorelibrelease\lib\cutiliy.obj
c:\users\kgca42_09\documents\github\chb-projectsreal\ccorelibrelease\ccorelib.lib
c:\users\kgca42_09\documents\github\chb-projectsreal\ccorelibrelease\lib\../../ccorelibrelease/lib\ccorelib.vcxproj.filelistabsolute.txt
c:\users\kgca42_09\documents\github\chb-projectsreal\ccorelibrelease\lib\ccorelib.tlog\cl.command.1.tlog
c:\users\kgca42_09\documents\github\chb-projectsreal\ccorelibrelease\lib\ccorelib.tlog\cl.items.tlog
c:\users\kgca42_09\documents\github\chb-projectsreal\ccorelibrelease\lib\ccorelib.tlog\cl.read.1.tlog
c:\users\kgca42_09\documents\github\chb-projectsreal\ccorelibrelease\lib\ccorelib.tlog\cl.write.1.tlog
c:\users\kgca42_09\documents\github\chb-projectsreal\ccorelibrelease\lib\ccorelib.tlog\lib-link.read.1.tlog
c:\users\kgca42_09\documents\github\chb-projectsreal\ccorelibrelease\lib\ccorelib.tlog\lib-link.write.1.tlog
c:\users\kgca42_09\documents\github\chb-projectsreal\ccorelibrelease\lib\ccorelib.tlog\lib.command.1.tlog
